2021-09-21 19:47:16.762  INFO 14722 --- [main] lavalink.server.Launcher                 : 

[32m       .  [31m _                  _ _       _    [32m__ _ _
[32m      /\\ [31m| | __ ___   ____ _| (_)_ __ | | __[32m\ \ \ \
[32m     ( ( )[31m| |/ _` \ \ / / _` | | | '_ \| |/ /[32m \ \ \ \
[32m      \\/ [31m| | (_| |\ V / (_| | | | | | |   < [32m  ) ) ) )
[32m       '  [31m|_|\__,_| \_/ \__,_|_|_|_| |_|_|\_\[32m / / / /
[0m    =========================================[32m/_/_/_/[0m

	Version:        3.3.2.5
	Build:          1222
	Build time:     11.04.2021 08:07:27 UTC
	Branch          master
	Commit:         7b914f2
	Commit time:    09.04.2021 17:14:27 UTC
	JVM:            16.0.2
	Lavaplayer      1.3.76

2021-09-21 19:47:16.831  INFO 14722 --- [main] lavalink.server.Launcher                 : Starting Launcher on giftshower with PID 14722 (/GiftShower/Coding/Dart/MulgBot/lavaServer/Lavalink.jar started by redgm in /GiftShower/Coding/Dart/MulgBot/lavaServer)
2021-09-21 19:47:16.834  INFO 14722 --- [main] lavalink.server.Launcher                 : No active profile set, falling back to default profiles: default
2021-09-21 19:47:16.857  WARN 14722 --- [background-preinit] o.s.h.c.j.Jackson2ObjectMapperBuilder    : For Jackson Kotlin classes support please add "com.fasterxml.jackson.module:jackson-module-kotlin" to the classpath
2021-09-21 19:47:17.484  WARN 14722 --- [main] io.undertow.websockets.jsr               : UT026010: Buffer pool was not set on WebSocketDeploymentInfo, the default pool will be used
2021-09-21 19:47:17.501  INFO 14722 --- [main] io.undertow.servlet                      : Initializing Spring embedded WebApplicationContext
2021-09-21 19:47:17.501  INFO 14722 --- [main] o.s.web.context.ContextLoader            : Root WebApplicationContext: initialization completed in 636 ms
2021-09-21 19:47:17.725  WARN 14722 --- [main] l.server.config.SentryConfiguration      : Turning off sentry
2021-09-21 19:47:17.926  INFO 14722 --- [main] c.s.d.l.tools.GarbageCollectionMonitor   : GC monitoring enabled, reporting results every 2 minutes.
2021-09-21 19:47:18.018  INFO 14722 --- [main] lavalink.server.config.KoeConfiguration  : OS: Linux, Arch: amd64
2021-09-21 19:47:18.018  INFO 14722 --- [main] lavalink.server.config.KoeConfiguration  : Enabling JDA-NAS
2021-09-21 19:47:18.020  INFO 14722 --- [main] c.s.l.c.natives.NativeLibraryLoader      : Native library udpqueue: loading with filter null
2021-09-21 19:47:18.022  INFO 14722 --- [main] c.s.l.c.natives.NativeLibraryLoader      : Native library udpqueue: successfully loaded.
2021-09-21 19:47:18.161  INFO 14722 --- [main] o.s.s.concurrent.ThreadPoolTaskExecutor  : Initializing ExecutorService 'applicationTaskExecutor'
2021-09-21 19:47:18.328  INFO 14722 --- [main] org.xnio                                 : XNIO version 3.3.8.Final
2021-09-21 19:47:18.335  INFO 14722 --- [main] org.xnio.nio                             : XNIO NIO Implementation Version 3.3.8.Final
2021-09-21 19:47:18.403  INFO 14722 --- [main] o.s.b.w.e.u.UndertowServletWebServer     : Undertow started on port(s) 52702 (http) with context path ''
2021-09-21 19:47:18.406  INFO 14722 --- [main] lavalink.server.Launcher                 : Started Launcher in 1.959 seconds (JVM running for 2.308)
2021-09-21 19:47:18.408  INFO 14722 --- [main] lavalink.server.Launcher                 : You can safely ignore the big red warning about illegal reflection. See https://github.com/Frederikam/Lavalink/issues/295
2021-09-21 19:48:07.201  INFO 14722 --- [XNIO-1 task-1] io.undertow.servlet                      : Initializing Spring DispatcherServlet 'dispatcherServlet'
2021-09-21 19:48:07.202  INFO 14722 --- [XNIO-1 task-1] o.s.web.servlet.DispatcherServlet        : Initializing Servlet 'dispatcherServlet'
2021-09-21 19:48:07.205  INFO 14722 --- [XNIO-1 task-1] o.s.web.servlet.DispatcherServlet        : Completed initialization in 3 ms
2021-09-21 19:48:07.216  INFO 14722 --- [XNIO-1 task-1] l.server.io.HandshakeInterceptorImpl     : Incoming connection from /[0:0:0:0:0:0:0:1]:32898
2021-09-21 19:48:07.253  INFO 14722 --- [XNIO-1 task-1] lavalink.server.io.SocketServer          : Connection successfully established from /[0:0:0:0:0:0:0:1]:32898
2021-09-21 19:48:50.297  INFO 14722 --- [XNIO-1 I/O-5] lavalink.server.io.SocketServer          : Connection closed from /[0:0:0:0:0:0:0:1]:32898 -- CloseStatus[code=1006, reason=]
2021-09-21 19:48:50.297  INFO 14722 --- [XNIO-1 I/O-5] lavalink.server.io.SocketContext         : Shutting down 0 playing players.
2021-09-21 19:50:11.553  INFO 14722 --- [XNIO-1 task-2] l.server.io.HandshakeInterceptorImpl     : Incoming connection from /[0:0:0:0:0:0:0:1]:32900
2021-09-21 19:50:11.555  INFO 14722 --- [XNIO-1 task-2] lavalink.server.io.SocketServer          : Connection successfully established from /[0:0:0:0:0:0:0:1]:32900
2021-09-21 19:52:06.692  INFO 14722 --- [XNIO-1 I/O-3] lavalink.server.io.SocketServer          : Connection closed from /[0:0:0:0:0:0:0:1]:32900 -- CloseStatus[code=1006, reason=]
2021-09-21 19:52:06.692  INFO 14722 --- [XNIO-1 I/O-3] lavalink.server.io.SocketContext         : Shutting down 0 playing players.
2021-09-21 19:52:09.905  INFO 14722 --- [XNIO-1 task-3] l.server.io.HandshakeInterceptorImpl     : Incoming connection from /[0:0:0:0:0:0:0:1]:32902
2021-09-21 19:52:09.907  INFO 14722 --- [XNIO-1 task-3] lavalink.server.io.SocketServer          : Connection successfully established from /[0:0:0:0:0:0:0:1]:32902
2021-09-21 19:54:00.793  INFO 14722 --- [XNIO-1 I/O-1] lavalink.server.io.SocketServer          : Connection closed from /[0:0:0:0:0:0:0:1]:32902 -- CloseStatus[code=1006, reason=]
2021-09-21 19:54:00.793  INFO 14722 --- [XNIO-1 I/O-1] lavalink.server.io.SocketContext         : Shutting down 0 playing players.
2021-09-21 19:54:02.565  INFO 14722 --- [XNIO-1 task-4] l.server.io.HandshakeInterceptorImpl     : Incoming connection from /[0:0:0:0:0:0:0:1]:32906
2021-09-21 19:54:02.567  INFO 14722 --- [XNIO-1 task-4] lavalink.server.io.SocketServer          : Connection successfully established from /[0:0:0:0:0:0:0:1]:32906
2021-09-21 19:54:20.419  INFO 14722 --- [XNIO-1 I/O-3] lavalink.server.io.SocketServer          : Connection closed from /[0:0:0:0:0:0:0:1]:32906 -- CloseStatus[code=1006, reason=]
2021-09-21 19:54:20.419  INFO 14722 --- [XNIO-1 I/O-3] lavalink.server.io.SocketContext         : Shutting down 0 playing players.
2021-09-21 19:54:22.082  INFO 14722 --- [XNIO-1 task-5] l.server.io.HandshakeInterceptorImpl     : Incoming connection from /[0:0:0:0:0:0:0:1]:32908
2021-09-21 19:54:22.084  INFO 14722 --- [XNIO-1 task-5] lavalink.server.io.SocketServer          : Connection successfully established from /[0:0:0:0:0:0:0:1]:32908
2021-09-21 19:54:31.762  INFO 14722 --- [XNIO-1 I/O-1] lavalink.server.io.SocketServer          : Connection closed from /[0:0:0:0:0:0:0:1]:32908 -- CloseStatus[code=1006, reason=]
2021-09-21 19:54:31.762  INFO 14722 --- [XNIO-1 I/O-1] lavalink.server.io.SocketContext         : Shutting down 0 playing players.
2021-09-21 19:55:15.885  INFO 14722 --- [Thread-1] o.s.s.concurrent.ThreadPoolTaskExecutor  : Shutting down ExecutorService 'applicationTaskExecutor'
2021-09-21 19:55:15.886  INFO 14722 --- [Thread-1] c.s.d.l.tools.GarbageCollectionMonitor   : GC monitoring disabled.
2021-09-21 19:55:15.887  INFO 14722 --- [Thread-1] io.undertow.servlet                      : Destroying Spring FrameworkServlet 'dispatcherServlet'
